<?xml version="1.0" encoding="UTF-8"?>
<!-- Generated by org.testng.reporters.JUnitReportReporter -->
<testsuite hostname="LSTKSG49968" name="com.softtek.ppm.CrearTicket" tests="1" failures="0" timestamp="22 Aug 2019 21:47:28 GMT" time="86.646" errors="0">
  <testcase name="logIn" time="86.646" classname="com.softtek.ppm.CrearTicket"/>
</testsuite> <!-- com.softtek.ppm.CrearTicket -->
