<?xml version="1.0" encoding="UTF-8"?>
<!-- Generated by org.testng.reporters.JUnitReportReporter -->
<testsuite hostname="LSTKSG49968" name="com.softtek.ppm.CrearTicket" tests="1" failures="0" timestamp="13 Sep 2019 13:03:23 GMT" time="107.094" errors="0">
  <testcase name="testTicket" time="107.094" classname="com.softtek.ppm.CrearTicket"/>
</testsuite> <!-- com.softtek.ppm.CrearTicket -->
